CLIENT_RANDOM f2a2381e79c104a4b93f147e6a92e679ba275226736594b193391bd9a1b3066e ca4877fb1e09f8de6639acca077f1620af07907dce47547c46125c4036ae21402fd29620514a74a581c1b780260dcfb6
CLIENT_RANDOM 8cc39f1f550253e12b992f8b98cec01d612a418e2dbbe9c260f4e5aa8d465b0b 1c67f067a4df89a203563a536cb9f78ba8e8df9cb42a5ff96dfcec6ba9e29c4bdbd51f71806f31a267ac4069f41fdee9
CLIENT_RANDOM 3d1aacf43ce37454446e1276fce745000e2be9642f96d1db19deb1fe9e3829e9 7cb024392bd862cdf13687d81a92e8069f126bc84359ace30694b5eaa509f245e77699306a2e804c99e0121eb64c548c
CLIENT_RANDOM 06b2b5e2997c04d33328e784ac555847a9046952dfd6475f98f0662430bfd8e1 9bf3148dc9e521d25e3523aed39e7fa738d397132a8c95c84cd781121c01fc459c2c3020910036473930cfc0be3a2717
CLIENT_RANDOM 804b3def087e8d283640cbd8309f4a37c223d7a2ed2b3cb3fd25a63fd7ee3264 1f039ac2055f650224ee554f017e8a55051820dfa1f8db3bedea3a24e8399241604ce207abf314fd10bb7eb48f3e5600
CLIENT_HANDSHAKE_TRAFFIC_SECRET da86ec7012c28356dfd02200713f7f97d3c06287ef39a10b648713a552fc637f eef6b012bd99ae7e810c08edbdec8fa97f18b981e9867ed73156e467bc06a95b
SERVER_HANDSHAKE_TRAFFIC_SECRET da86ec7012c28356dfd02200713f7f97d3c06287ef39a10b648713a552fc637f 027afcb5cfe10d5437fbd6046066a19181a4c0e70d5b647107e64dcc508d3bdb
CLIENT_TRAFFIC_SECRET_0 da86ec7012c28356dfd02200713f7f97d3c06287ef39a10b648713a552fc637f 205d2baad1a1d5167fb3943c41e9d290bab5e1aa859fb7ba892eb509fcd38e67
SERVER_TRAFFIC_SECRET_0 da86ec7012c28356dfd02200713f7f97d3c06287ef39a10b648713a552fc637f 2abca6635c139cc36ed4bab6b5c5e58b5472ca824cc4cc18985822166c2d2c1d
EXPORTER_SECRET da86ec7012c28356dfd02200713f7f97d3c06287ef39a10b648713a552fc637f c9e9fa91c751587eca74c81ad76e8054ed4c6b86d26e222158069005e89805ba
CLIENT_RANDOM 164a55ef3cb8cd809fc94d2da7bef2ee3ddbea626ef3e3de24c9eea7042092f8 1b521dcf9dbfa1443dc45f6447f8b926a5b22b27099fd701a24bb732bf8d0e62524dc1bd67334b670c12f4b13e20aaa3
CLIENT_HANDSHAKE_TRAFFIC_SECRET 69bc9bfa734ef9a6df4ef7f556fd2b89af3e9918e6a0a2edaab13c639b36ca8b 59e1b0245ac4b50b9aadd600f6cf943b49f0820042c6143839537ca9384ae96d
SERVER_HANDSHAKE_TRAFFIC_SECRET 69bc9bfa734ef9a6df4ef7f556fd2b89af3e9918e6a0a2edaab13c639b36ca8b 43d6b9c32b95307870a0a52ea89caa633fa7c23d040e894eb8f390876d858220
CLIENT_TRAFFIC_SECRET_0 69bc9bfa734ef9a6df4ef7f556fd2b89af3e9918e6a0a2edaab13c639b36ca8b 09d5f408369852afe9ea2ca741f64b0c2c6f42880d95f0ed5a1e4f8b86dfe3d1
SERVER_TRAFFIC_SECRET_0 69bc9bfa734ef9a6df4ef7f556fd2b89af3e9918e6a0a2edaab13c639b36ca8b b0d387305a20f9f54fabd8815c06745587cc1949a442cef3aef796bfc4af8f54
EXPORTER_SECRET 69bc9bfa734ef9a6df4ef7f556fd2b89af3e9918e6a0a2edaab13c639b36ca8b b11ed793e861bf2b53e46aeb582cf362e753b06b4f42fa6091e9eeb2ffe1100d
CLIENT_HANDSHAKE_TRAFFIC_SECRET 063ae670cd556ba503727e9cff444dbcf22ae5b091ac963e2096cc0a497454ec 5674853a16c34b418b5499dc57d3cd268ee47901b266cb7d2fa7b94b96c64268
SERVER_HANDSHAKE_TRAFFIC_SECRET 063ae670cd556ba503727e9cff444dbcf22ae5b091ac963e2096cc0a497454ec 4b00c8124eaf741f8deaccb8bb6172bdc588049339eb1d990a8f2b9085803b5e
CLIENT_TRAFFIC_SECRET_0 063ae670cd556ba503727e9cff444dbcf22ae5b091ac963e2096cc0a497454ec b189ef50b154933037b1fa20808b750f047e38f3663ee78f0609b097ec4cbf0f
SERVER_TRAFFIC_SECRET_0 063ae670cd556ba503727e9cff444dbcf22ae5b091ac963e2096cc0a497454ec f3a378d7ba6441627d9935838613ad4af0c73634c7d46878aae09966b493dd45
EXPORTER_SECRET 063ae670cd556ba503727e9cff444dbcf22ae5b091ac963e2096cc0a497454ec 4abd2d545fe9225075a62d2eb5184aab3b46d60224aa5431cc38c1a384697902
CLIENT_HANDSHAKE_TRAFFIC_SECRET e646b1e133eab02496c299c87488bed70ada30f6a77af495e735377bb370fbf2 958de70391e4c881259ccab9dac704730670b91a14b2a6317a730317a33110f6
SERVER_HANDSHAKE_TRAFFIC_SECRET e646b1e133eab02496c299c87488bed70ada30f6a77af495e735377bb370fbf2 a51a157f54bfbef3dfa1404c4e80311e1eb0984b6d7a6cdf5271a3a090e00294
CLIENT_TRAFFIC_SECRET_0 e646b1e133eab02496c299c87488bed70ada30f6a77af495e735377bb370fbf2 c366e4818830c5f03be5211ca9f75d3a80dec98f4be1b098e3f305afbd329085
SERVER_TRAFFIC_SECRET_0 e646b1e133eab02496c299c87488bed70ada30f6a77af495e735377bb370fbf2 57e1e232db452237826a2b4cdfec825dc562527eb793d3e72aa627909045641e
EXPORTER_SECRET e646b1e133eab02496c299c87488bed70ada30f6a77af495e735377bb370fbf2 83acd422ef20494c70d229e91621604aa86a948820bab2c00f89e0dda89b4b32
CLIENT_HANDSHAKE_TRAFFIC_SECRET c1b9f8646027e24520f4e38eda8b6ad0a5acf22532fb94da84e116466f8fe4b6 e07ec0412028f5f9d48d6360a7b22c16f033e2b2b81851a9f2b37dd85090e3bf
SERVER_HANDSHAKE_TRAFFIC_SECRET c1b9f8646027e24520f4e38eda8b6ad0a5acf22532fb94da84e116466f8fe4b6 ca823ebd481a8c0354fdf74188ca014e63ff7c5e76557491cf024fbf7b5fa5da
CLIENT_TRAFFIC_SECRET_0 c1b9f8646027e24520f4e38eda8b6ad0a5acf22532fb94da84e116466f8fe4b6 274727c7a2f593cb5fe82529f5ad1b8ff3c5f592a5932230016157724e95fdbe
SERVER_TRAFFIC_SECRET_0 c1b9f8646027e24520f4e38eda8b6ad0a5acf22532fb94da84e116466f8fe4b6 75102dcbab11eec6abfc2007a8d4aff95a0860b93c8129f6d692621bd3c1901c
EXPORTER_SECRET c1b9f8646027e24520f4e38eda8b6ad0a5acf22532fb94da84e116466f8fe4b6 073c4ba14266aaf6fd4fd4662186a37fef934321bedc2959b18b0bd1577dec43
CLIENT_HANDSHAKE_TRAFFIC_SECRET 502a4add2029585f91be59e2c999e88759ba36c840fda4b6236bf3a7e6930801 706280ffb4f8c0c07bf910390663322e2d0848fe6fc765ce53bf4864887385ee
SERVER_HANDSHAKE_TRAFFIC_SECRET 502a4add2029585f91be59e2c999e88759ba36c840fda4b6236bf3a7e6930801 b224ed3cd7c7224e647e7285a962923e472169c94744f2ad596db418d7d5c970
CLIENT_TRAFFIC_SECRET_0 502a4add2029585f91be59e2c999e88759ba36c840fda4b6236bf3a7e6930801 7d41867e39bef9960e2afc48e65f717848e1e1eba1c5ecb30033aa1cb08138dd
SERVER_TRAFFIC_SECRET_0 502a4add2029585f91be59e2c999e88759ba36c840fda4b6236bf3a7e6930801 de02ccd92a557ae5d24d67de9614008decb9baf571eb237022b859082a1e0bf8
EXPORTER_SECRET 502a4add2029585f91be59e2c999e88759ba36c840fda4b6236bf3a7e6930801 3719ad3cd694b50f2824e44e3b3313bbef94e8cd3ae9f26bd3dcfdccea74be83
CLIENT_HANDSHAKE_TRAFFIC_SECRET c101901be51658c289e3f6a904bb0418842dd8c93835d9efa644941f072da7c8 1d720f6688b95490e3bd071db3ad92ff02e808607610dcb5bbfc39472c816d4f
SERVER_HANDSHAKE_TRAFFIC_SECRET c101901be51658c289e3f6a904bb0418842dd8c93835d9efa644941f072da7c8 2497586ce457f701d8504646cd34ac69d44bde3151a8dc0e8ec27e6dbf26a954
CLIENT_TRAFFIC_SECRET_0 c101901be51658c289e3f6a904bb0418842dd8c93835d9efa644941f072da7c8 1563283029fb47b46774e37be9c04765702e5e6aa10c384abcb78605e7ee4120
SERVER_TRAFFIC_SECRET_0 c101901be51658c289e3f6a904bb0418842dd8c93835d9efa644941f072da7c8 c6a4d46be3c434237fc077b7d04ea5c607e0fceb8521a71fcb7ff42dc894c855
EXPORTER_SECRET c101901be51658c289e3f6a904bb0418842dd8c93835d9efa644941f072da7c8 2d379db3415a44a7c25d9d5153f777c6645e07151f34b2da93a96706adf78333
